<?xml version="1.0" encoding="UTF-8"?>
<!-- Generated by org.testng.reporters.JUnitXMLReporter -->
<testsuite hostname="DESKTOP-E0FIDGQ" ignored="0" name="Test1" tests="4" failures="0" timestamp="22 Jan 2019 20:58:35 GMT" time="30.163" errors="0">
  <testcase name="ImageLinkTest" time="0.059" classname="practiceTestNG.ParallelTesting"/>
  <testcase name="MailLinkTest" time="0.094" classname="practiceTestNG.ParallelTesting"/>
  <testcase name="googleTitleTest" time="0.023" classname="practiceTestNG.ParallelTesting"/>
  <testcase name="googleLogoTest" time="0.068" classname="practiceTestNG.ParallelTesting"/>
</testsuite> <!-- Test1 -->
