<?xml version="1.0" encoding="UTF-8"?>
<!-- Generated by org.testng.reporters.JUnitXMLReporter -->
<testsuite hostname="DESKTOP-E0FIDGQ" ignored="0" name="All Practice Test" tests="9" failures="0" timestamp="12 Feb 2019 21:51:35 GMT" time="128.353" errors="0">
  <testcase name="ebayPage" time="10.983" classname="practiceTestNG.DataProviderTest"/>
  <testcase name="ebayPage" time="5.626" classname="practiceTestNG.DataProviderTest"/>
  <testcase name="ebayPage" time="4.785" classname="practiceTestNG.DataProviderTest"/>
  <testcase name="ebayPage" time="4.249" classname="practiceTestNG.DataProviderTest"/>
  <testcase name="ebayPage" time="4.528" classname="practiceTestNG.DataProviderTest"/>
  <testcase name="driverSetUp" time="2.322" classname="practiceTestNG.ParameterTest"/>
  <testcase name="lunchUrl" time="6.144" classname="practiceTestNG.ParameterTest"/>
  <testcase name="logIn" time="0.472" classname="practiceTestNG.ParameterTest"/>
  <testcase name="close" time="0.72" classname="practiceTestNG.ParameterTest"/>
</testsuite> <!-- All Practice Test -->
